<?xml version="1.0" encoding="UTF-8"?>
<!-- Generated by org.testng.reporters.JUnitReportReporter -->
<testsuite hostname="LTIN140862" failures="0" tests="1" name="comhackathon.displayBookshelves.AppTest" time="0.010" errors="0" timestamp="2022-01-17T11:51:08 IST" skipped="0">
  <testcase classname="comhackathon.displayBookshelves.AppTest" name="shouldAnswerWithTrue" time="0.010"/>
  <system-out/>
</testsuite> <!-- comhackathon.displayBookshelves.AppTest -->
