<?xml version="1.0" encoding="UTF-8"?>
<!-- Generated by org.testng.reporters.JUnitReportReporter -->
<testsuite hostname="DESKTOP-PHOTON" failures="0" tests="7" name="testClasses.UrbanLadderHomePage" time="16.556" errors="0" timestamp="2022-01-18T21:05:14 IST" skipped="0">
  <testcase classname="testClasses.UrbanLadderHomePage" name="openHomePage" time="8.980"/>
  <system-out/>
  <testcase classname="testClasses.UrbanLadderHomePage" name="checkVisibilityOfNavbar" time="0.147"/>
  <system-out/>
  <testcase classname="testClasses.UrbanLadderHomePage" name="testStudyMenu" time="0.257"/>
  <system-out/>
  <testcase classname="testClasses.UrbanLadderHomePage" name="testStudyChairs" time="0.466"/>
  <system-out/>
  <testcase classname="testClasses.UrbanLadderHomePage" name="testFurnitureRange" time="0.268"/>
  <system-out/>
  <testcase classname="testClasses.UrbanLadderHomePage" name="testClickAbilityOfFurnitureRange" time="0.506"/>
  <system-out/>
  <testcase classname="testClasses.UrbanLadderHomePage" name="goToBookshelves" time="5.932"/>
  <system-out/>
</testsuite> <!-- testClasses.UrbanLadderHomePage -->
