<?xml version="1.0" encoding="UTF-8"?>
<!-- Generated by org.testng.reporters.JUnitReportReporter -->
<testsuite skipped="0" hostname="LTIN140862" name="comhackathon.displayBookshelves.AppTest" tests="1" failures="0" timestamp="12 Jan 2022 07:05:39 GMT" time="0.006" errors="0">
  <testcase name="shouldAnswerWithTrue" time="0.006" classname="comhackathon.displayBookshelves.AppTest"/>
</testsuite> <!-- comhackathon.displayBookshelves.AppTest -->
